c:\users\rick4\documents\visual studio 2015\projects\roguelikeendassignment\roguelikeendassesment\roguelikeendassesment\debug\roguelikeendassesment.pch
c:\users\rick4\documents\visual studio 2015\projects\roguelikeendassignment\roguelikeendassesment\roguelikeendassesment\debug\vc140.pdb
c:\users\rick4\documents\visual studio 2015\projects\roguelikeendassignment\roguelikeendassesment\roguelikeendassesment\debug\vc140.idb
c:\users\rick4\documents\visual studio 2015\projects\roguelikeendassignment\roguelikeendassesment\roguelikeendassesment\debug\stdafx.obj
c:\users\rick4\documents\visual studio 2015\projects\roguelikeendassignment\roguelikeendassesment\roguelikeendassesment\debug\main.obj
c:\users\rick4\documents\visual studio 2015\projects\roguelikeendassignment\roguelikeendassesment\roguelikeendassesment\debug\enemy.obj
c:\users\rick4\documents\visual studio 2015\projects\roguelikeendassignment\roguelikeendassesment\roguelikeendassesment\debug\game.obj
c:\users\rick4\documents\visual studio 2015\projects\roguelikeendassignment\roguelikeendassesment\roguelikeendassesment\debug\item.obj
c:\users\rick4\documents\visual studio 2015\projects\roguelikeendassignment\roguelikeendassesment\roguelikeendassesment\debug\gamecontroller.obj
c:\users\rick4\documents\visual studio 2015\projects\roguelikeendassignment\roguelikeendassesment\roguelikeendassesment\debug\viewcontroller.obj
c:\users\rick4\documents\visual studio 2015\projects\roguelikeendassignment\roguelikeendassesment\roguelikeendassesment\debug\levelmanager.obj
c:\users\rick4\documents\visual studio 2015\projects\roguelikeendassignment\roguelikeendassesment\roguelikeendassesment\debug\player.obj
c:\users\rick4\documents\visual studio 2015\projects\roguelikeendassignment\roguelikeendassesment\roguelikeendassesment\debug\bossroom.obj
c:\users\rick4\documents\visual studio 2015\projects\roguelikeendassignment\roguelikeendassesment\roguelikeendassesment\debug\nothing.obj
c:\users\rick4\documents\visual studio 2015\projects\roguelikeendassignment\roguelikeendassesment\roguelikeendassesment\debug\room.obj
c:\users\rick4\documents\visual studio 2015\projects\roguelikeendassignment\roguelikeendassesment\roguelikeendassesment\debug\stairsroom.obj
c:\users\rick4\documents\visual studio 2015\projects\roguelikeendassignment\roguelikeendassesment\roguelikeendassesment\debug\startroom.obj
c:\users\rick4\documents\visual studio 2015\projects\roguelikeendassignment\roguelikeendassesment\roguelikeendassesment\debug\roguelike.obj
c:\users\rick4\documents\visual studio 2015\projects\roguelikeendassignment\roguelikeendassesment\roguelikeendassesment\debug\inputview.obj
c:\users\rick4\documents\visual studio 2015\projects\roguelikeendassignment\roguelikeendassesment\roguelikeendassesment\debug\outputview.obj
c:\users\rick4\documents\visual studio 2015\projects\roguelikeendassignment\roguelikeendassesment\roguelikeendassesment\debug\roguelik.926c1b61.tlog\cl.command.1.tlog
c:\users\rick4\documents\visual studio 2015\projects\roguelikeendassignment\roguelikeendassesment\roguelikeendassesment\debug\roguelik.926c1b61.tlog\cl.read.1.tlog
c:\users\rick4\documents\visual studio 2015\projects\roguelikeendassignment\roguelikeendassesment\roguelikeendassesment\debug\roguelik.926c1b61.tlog\cl.write.1.tlog
